# JRE version: OpenJDK Runtime Environment Microsoft-8035246 (17.0.8+7) (build 17.0.8+7-LTS)
# Java VM: OpenJDK 64-Bit Server VM Microsoft-8035246 (17.0.8+7-LTS, mixed mode, sharing, tiered, compressed oops, compressed class ptrs, g1 gc, windows-amd64)
GC Precious Log:
 CPUs: 16 total, 16 available
 Memory: 16114M
 Large Page Support: Disabled
 NUMA Support: Disabled
 Compressed Oops: Enabled (32-bit)
 Heap Region Size: 1M
 Heap Min Capacity: 8M
 Heap Initial Capacity: 252M
 Heap Max Capacity: 2G
 Pre-touch: Disabled
 Parallel Workers: 13
 Concurrent Workers: 3
 Concurrent Refinement Workers: 13
 Periodic GC: Disabled
Heap:
 garbage-first heap   total 305152K, used 190997K [0x0000000080000000, 0x0000000100000000)
  region size 1024K, 16 young (16384K), 5 survivors (5120K)
 Metaspace       used 104274K, committed 105344K, reserved 557056K
  class space    used 14662K, committed 15168K, reserved 425984K
GC Heap History (20 events):
Event: 13.221 GC heap before
{Heap before GC invocations=46 (full 0):
 garbage-first heap   total 171008K, used 129704K [0x0000000080000000, 0x0000000100000000)
  region size 1024K, 41 young (41984K), 1 survivors (1024K)
 Metaspace       used 79032K, committed 79744K, reserved 557056K
  class space    used 10970K, committed 11328K, reserved 425984K
}
Event: 13.224 GC heap after
{Heap after GC invocations=47 (full 0):
 garbage-first heap   total 305152K, used 91326K [0x0000000080000000, 0x0000000100000000)
  region size 1024K, 4 young (4096K), 4 survivors (4096K)
 Metaspace       used 79032K, committed 79744K, reserved 557056K
  class space    used 10970K, committed 11328K, reserved 425984K
}
Event: 13.876 GC heap before
{Heap before GC invocations=48 (full 0):
 garbage-first heap   total 305152K, used 215230K [0x0000000080000000, 0x0000000100000000)
  region size 1024K, 125 young (128000K), 4 survivors (4096K)
 Metaspace       used 86019K, committed 86848K, reserved 557056K
  class space    used 12094K, committed 12480K, reserved 425984K
}
Event: 13.881 GC heap after
{Heap after GC invocations=49 (full 0):
 garbage-first heap   total 305152K, used 97239K [0x0000000080000000, 0x0000000100000000)
  region size 1024K, 10 young (10240K), 10 survivors (10240K)
 Metaspace       used 86019K, committed 86848K, reserved 557056K
  class space    used 12094K, committed 12480K, reserved 425984K
}
Event: 13.902 GC heap before
{Heap before GC invocations=49 (full 0):
 garbage-first heap   total 305152K, used 100311K [0x0000000080000000, 0x0000000100000000)
  region size 1024K, 14 young (14336K), 10 survivors (10240K)
 Metaspace       used 86053K, committed 86848K, reserved 557056K
  class space    used 12094K, committed 12480K, reserved 425984K
}
Event: 13.906 GC heap after
{Heap after GC invocations=50 (full 0):
 garbage-first heap   total 305152K, used 97848K [0x0000000080000000, 0x0000000100000000)
  region size 1024K, 2 young (2048K), 2 survivors (2048K)
 Metaspace       used 86053K, committed 86848K, reserved 557056K
  class space    used 12094K, committed 12480K, reserved 425984K
}
Event: 14.638 GC heap before
{Heap before GC invocations=50 (full 0):
 garbage-first heap   total 305152K, used 229944K [0x0000000080000000, 0x0000000100000000)
  region size 1024K, 127 young (130048K), 2 survivors (2048K)
 Metaspace       used 91759K, committed 92672K, reserved 557056K
  class space    used 12970K, committed 13440K, reserved 425984K
}
Event: 14.643 GC heap after
{Heap after GC invocations=51 (full 0):
 garbage-first heap   total 305152K, used 115383K [0x0000000080000000, 0x0000000100000000)
  region size 1024K, 15 young (15360K), 15 survivors (15360K)
 Metaspace       used 91759K, committed 92672K, reserved 557056K
  class space    used 12970K, committed 13440K, reserved 425984K
}
Event: 15.106 GC heap before
{Heap before GC invocations=51 (full 0):
 garbage-first heap   total 305152K, used 230071K [0x0000000080000000, 0x0000000100000000)
  region size 1024K, 127 young (130048K), 15 survivors (15360K)
 Metaspace       used 94835K, committed 95744K, reserved 557056K
  class space    used 13372K, committed 13824K, reserved 425984K
}
Event: 15.114 GC heap after
{Heap after GC invocations=52 (full 0):
 garbage-first heap   total 305152K, used 129283K [0x0000000080000000, 0x0000000100000000)
  region size 1024K, 14 young (14336K), 14 survivors (14336K)
 Metaspace       used 94835K, committed 95744K, reserved 557056K
  class space    used 13372K, committed 13824K, reserved 425984K
}
Event: 15.779 GC heap before
{Heap before GC invocations=52 (full 0):
 garbage-first heap   total 305152K, used 235779K [0x0000000080000000, 0x0000000100000000)
  region size 1024K, 117 young (119808K), 14 survivors (14336K)
 Metaspace       used 97211K, committed 98112K, reserved 557056K
  class space    used 13635K, committed 14080K, reserved 425984K
}
Event: 15.791 GC heap after
{Heap after GC invocations=53 (full 0):
 garbage-first heap   total 305152K, used 149539K [0x0000000080000000, 0x0000000100000000)
  region size 1024K, 15 young (15360K), 15 survivors (15360K)
 Metaspace       used 97211K, committed 98112K, reserved 557056K
  class space    used 13635K, committed 14080K, reserved 425984K
}
Event: 16.471 GC heap before
{Heap before GC invocations=53 (full 0):
 garbage-first heap   total 305152K, used 236579K [0x0000000080000000, 0x0000000100000000)
  region size 1024K, 100 young (102400K), 15 survivors (15360K)
 Metaspace       used 101786K, committed 102784K, reserved 557056K
  class space    used 14275K, committed 14784K, reserved 425984K
}
Event: 16.480 GC heap after
{Heap after GC invocations=54 (full 0):
 garbage-first heap   total 305152K, used 161207K [0x0000000080000000, 0x0000000100000000)
  region size 1024K, 11 young (11264K), 11 survivors (11264K)
 Metaspace       used 101786K, committed 102784K, reserved 557056K
  class space    used 14275K, committed 14784K, reserved 425984K
}
Event: 16.982 GC heap before
{Heap before GC invocations=54 (full 0):
 garbage-first heap   total 305152K, used 241079K [0x0000000080000000, 0x0000000100000000)
  region size 1024K, 89 young (91136K), 11 survivors (11264K)
 Metaspace       used 103562K, committed 104640K, reserved 557056K
  class space    used 14603K, committed 15104K, reserved 425984K
}
Event: 16.991 GC heap after
{Heap after GC invocations=55 (full 0):
 garbage-first heap   total 305152K, used 169534K [0x0000000080000000, 0x0000000100000000)
  region size 1024K, 9 young (9216K), 9 survivors (9216K)
 Metaspace       used 103562K, committed 104640K, reserved 557056K
  class space    used 14603K, committed 15104K, reserved 425984K
}
Event: 17.450 GC heap before
{Heap before GC invocations=55 (full 0):
 garbage-first heap   total 305152K, used 244286K [0x0000000080000000, 0x0000000100000000)
  region size 1024K, 83 young (84992K), 9 survivors (9216K)
 Metaspace       used 104200K, committed 105280K, reserved 557056K
  class space    used 14662K, committed 15168K, reserved 425984K
}
Event: 17.457 GC heap after
{Heap after GC invocations=56 (full 0):
 garbage-first heap   total 305152K, used 176988K [0x0000000080000000, 0x0000000100000000)
  region size 1024K, 8 young (8192K), 8 survivors (8192K)
 Metaspace       used 104200K, committed 105280K, reserved 557056K
  class space    used 14662K, committed 15168K, reserved 425984K
}
Event: 17.715 GC heap before
{Heap before GC invocations=56 (full 0):
 garbage-first heap   total 305152K, used 246620K [0x0000000080000000, 0x0000000100000000)
  region size 1024K, 77 young (78848K), 8 survivors (8192K)
 Metaspace       used 104273K, committed 105344K, reserved 557056K
  class space    used 14662K, committed 15168K, reserved 425984K
}
Event: 17.720 GC heap after
{Heap after GC invocations=57 (full 0):
 garbage-first heap   total 305152K, used 180757K [0x0000000080000000, 0x0000000100000000)
  region size 1024K, 5 young (5120K), 5 survivors (5120K)
 Metaspace       used 104273K, committed 105344K, reserved 557056K
  class space    used 14662K, committed 15168K, reserved 425984K
}

